NotFoundException: 19/04/2024 16:38:15 - La URL indicada no existe.
ViewException: 19/04/2024 16:39:13 - <p>ERROR en la vista <b>../mvc/views/user/create.php</b>.</p>
         <p>INFORMACIÓN ADICIONAL: Undefined constant "USER_IMAGE_FOLDER"</p>
NotFoundException: 19/04/2024 16:42:32 - La URL indicada no existe.
Exception: 19/04/2024 16:52:49 - <p>ERROR EN LA CONSULTA:</p><p><b>INSERT INTO users (password, displayname, email, phone, location, cp, roles) VALUES ('81dc9bdb52d04dc20036dbd8313ed055', 'user2', 'user2@fastlight.com', '666 999 33', 'Barcelona', '08080', '["ROLE_USER"]')</b></p><p>Unknown column 'location' in 'field list'</p>
Exception: 19/04/2024 16:56:23 - <p>ERROR EN LA CONSULTA:</p><p><b>INSERT INTO users (password, displayname, email, phone, location, cp, roles) VALUES ('81dc9bdb52d04dc20036dbd8313ed055', 'user2', 'user2@fastlight.com', '666 999 33', NULL, NULL, '["ROLE_USER"]')</b></p><p>Unknown column 'location' in 'field list'</p>
NotFoundException: 19/04/2024 17:06:08 - La URL indicada no existe.
Error: 19/04/2024 17:33:48 - Call to undefined method User::getAdds()
Error: 19/04/2024 17:35:24 - Call to undefined method User::getAdds()
Error: 19/04/2024 17:36:28 - Call to undefined method User::getAdds()
Error: 19/04/2024 17:38:43 - Call to undefined method User::getAdds()
Error: 19/04/2024 20:41:05 - Call to undefined method User::getAdds()
Exception: 19/04/2024 21:01:57 - No se recibió fichero con la clave picture
ViewException: 20/04/2024 09:43:54 - <p>ERROR en la vista <b>../mvc/views//place/list.php</b>.</p>
         <p>INFORMACIÓN ADICIONAL: Failed opening required '../mvc/views//place/list.php' (include_path='C:\xampp\php\PEAR')</p>
ViewException: 20/04/2024 09:50:46 - <p>ERROR en la vista <b>../mvc/views//place/list.php</b>.</p>
         <p>INFORMACIÓN ADICIONAL: Undefined constant "ADD_IMAGE_FOLDER"</p>
NotFoundException: 20/04/2024 09:51:14 - La URL indicada no existe.
NotFoundException: 20/04/2024 09:53:34 - La URL indicada no existe.
NotFoundException: 20/04/2024 09:53:40 - La URL indicada no existe.
NotFoundException: 20/04/2024 09:53:52 - La URL indicada no existe.
NotFoundException: 20/04/2024 09:55:46 - La URL indicada no existe.
NotFoundException: 20/04/2024 09:55:59 - La URL indicada no existe.
NotFoundException: 20/04/2024 09:56:03 - La URL indicada no existe.
NotFoundException: 20/04/2024 09:56:55 - La URL indicada no existe.
NotFoundException: 20/04/2024 09:57:01 - La URL indicada no existe.
NotFoundException: 20/04/2024 09:57:22 - La URL indicada no existe.
NotFoundException: 20/04/2024 09:58:10 - La URL indicada no existe.
NotFoundException: 20/04/2024 09:58:11 - La URL indicada no existe.
NotFoundException: 20/04/2024 09:58:11 - La URL indicada no existe.
NotFoundException: 20/04/2024 09:58:12 - La URL indicada no existe.
NotFoundException: 20/04/2024 09:58:12 - La URL indicada no existe.
NotFoundException: 20/04/2024 09:59:55 - La URL indicada no existe.
NotFoundException: 20/04/2024 10:01:51 - La URL indicada no existe.
NotFoundException: 20/04/2024 10:04:07 - La URL indicada no existe.
NotFoundException: 20/04/2024 10:08:24 - La URL indicada no existe.
NotFoundException: 20/04/2024 10:09:31 - La URL indicada no existe.
NotFoundException: 20/04/2024 10:12:41 - La URL indicada no existe.
NotFoundException: 20/04/2024 10:14:29 - La URL indicada no existe.
NotFoundException: 20/04/2024 10:16:24 - La URL indicada no existe.
NotFoundException: 20/04/2024 10:18:29 - La URL indicada no existe.
NotFoundException: 20/04/2024 10:18:41 - La URL indicada no existe.
Exception: 20/04/2024 11:36:20 - User not received
Exception: 20/04/2024 11:37:32 - User not received
Exception: 20/04/2024 11:38:52 - Data not received
Error: 20/04/2024 11:42:03 - Call to undefined method User::getAdds()
ViewException: 20/04/2024 11:44:20 - <p>ERROR en la vista <b>../mvc/views/user/show.php</b>.</p>
         <p>INFORMACIÓN ADICIONAL: Failed opening required '../mvc/views/user/show.php' (include_path='C:\xampp\php\PEAR')</p>
Error: 20/04/2024 12:11:50 - Call to undefined method User::home()
NotFoundException: 20/04/2024 12:14:08 - La URL indicada no existe.
NotFoundException: 20/04/2024 12:14:18 - La URL indicada no existe.
NotFoundException: 20/04/2024 12:14:36 - La URL indicada no existe.
NotFoundException: 20/04/2024 12:14:42 - La URL indicada no existe.
NotFoundException: 20/04/2024 12:14:43 - La URL indicada no existe.
NotFoundException: 20/04/2024 12:14:43 - La URL indicada no existe.
NotFoundException: 20/04/2024 12:14:43 - La URL indicada no existe.
NotFoundException: 20/04/2024 12:14:43 - La URL indicada no existe.
NotFoundException: 20/04/2024 12:14:44 - La URL indicada no existe.
NotFoundException: 20/04/2024 12:14:44 - La URL indicada no existe.
NotFoundException: 20/04/2024 12:14:44 - La URL indicada no existe.
NotFoundException: 20/04/2024 12:14:44 - La URL indicada no existe.
NotFoundException: 20/04/2024 12:14:44 - La URL indicada no existe.
NotFoundException: 20/04/2024 12:15:01 - La URL indicada no existe.
NotFoundException: 20/04/2024 12:21:18 - La URL indicada no existe.
NotFoundException: 20/04/2024 12:22:55 - La URL indicada no existe.
Exception: 20/04/2024 12:35:13 - User account with id 0 not found
Exception: 20/04/2024 12:37:37 - User account with id 0 not found
Exception: 20/04/2024 12:45:11 - No se pudo enviar el email.
Exception: 20/04/2024 12:45:11 - <p>ERROR EN LA CONSULTA:</p><p><b>INSERT INTO users (password, displayname, email, phone, roles) VALUES ('81dc9bdb52d04dc20036dbd8313ed055', 'moderator', 'moderator@fastlight.com', '111111', '["ROLE_USER"]')</b></p><p>Duplicate entry 'moderator@fastlight.com' for key 'email'</p>
Exception: 20/04/2024 12:49:52 - No se pudo enviar el email.
Exception: 20/04/2024 12:53:13 - El fichero no es de tipo image/*
Exception: 20/04/2024 13:11:06 - El fichero no es de tipo image/*
NotFoundException: 20/04/2024 13:16:31 - La URL indicada no existe.
NotFoundException: 20/04/2024 13:16:43 - La URL indicada no existe.
SQLException: 20/04/2024 13:18:02 - <p>ERROR EN LA CONSULTA:</p><p><b>SELECT * FROM users WHERE id = </b></p><p>You have an error in your SQL syntax; check the manual that corresponds to your MariaDB server version for the right syntax to use near '' at line 1</p>
SQLException: 20/04/2024 13:18:22 - <p>ERROR EN LA CONSULTA:</p><p><b>SELECT * FROM users WHERE id = </b></p><p>You have an error in your SQL syntax; check the manual that corresponds to your MariaDB server version for the right syntax to use near '' at line 1</p>
SQLException: 20/04/2024 13:20:24 - <p>ERROR EN LA CONSULTA:</p><p><b>SELECT * FROM users WHERE id = </b></p><p>You have an error in your SQL syntax; check the manual that corresponds to your MariaDB server version for the right syntax to use near '' at line 1</p>
SQLException: 20/04/2024 13:21:58 - <p>ERROR EN LA CONSULTA:</p><p><b>SELECT * FROM users WHERE id = </b></p><p>You have an error in your SQL syntax; check the manual that corresponds to your MariaDB server version for the right syntax to use near '' at line 1</p>
SQLException: 20/04/2024 13:23:55 - <p>ERROR EN LA CONSULTA:</p><p><b>SELECT * FROM users WHERE id = </b></p><p>You have an error in your SQL syntax; check the manual that corresponds to your MariaDB server version for the right syntax to use near '' at line 1</p>
SQLException: 20/04/2024 13:24:53 - <p>ERROR EN LA CONSULTA:</p><p><b>SELECT * FROM users WHERE id = </b></p><p>You have an error in your SQL syntax; check the manual that corresponds to your MariaDB server version for the right syntax to use near '' at line 1</p>
SQLException: 20/04/2024 13:27:11 - <p>ERROR EN LA CONSULTA:</p><p><b>SELECT * FROM users WHERE id = </b></p><p>You have an error in your SQL syntax; check the manual that corresponds to your MariaDB server version for the right syntax to use near '' at line 1</p>
SQLException: 20/04/2024 13:27:18 - <p>ERROR EN LA CONSULTA:</p><p><b>SELECT * FROM users WHERE id = </b></p><p>You have an error in your SQL syntax; check the manual that corresponds to your MariaDB server version for the right syntax to use near '' at line 1</p>
SQLException: 20/04/2024 13:27:27 - <p>ERROR EN LA CONSULTA:</p><p><b>SELECT * FROM users WHERE id = </b></p><p>You have an error in your SQL syntax; check the manual that corresponds to your MariaDB server version for the right syntax to use near '' at line 1</p>
SQLException: 20/04/2024 13:43:21 - <p>ERROR EN LA CONSULTA:</p><p><b>SELECT * FROM users WHERE id = </b></p><p>You have an error in your SQL syntax; check the manual that corresponds to your MariaDB server version for the right syntax to use near '' at line 1</p>
SQLException: 20/04/2024 13:44:40 - <p>ERROR EN LA CONSULTA:</p><p><b>SELECT * FROM users WHERE id = </b></p><p>You have an error in your SQL syntax; check the manual that corresponds to your MariaDB server version for the right syntax to use near '' at line 1</p>
SQLException: 20/04/2024 13:45:42 - <p>ERROR EN LA CONSULTA:</p><p><b>SELECT * FROM users WHERE id = </b></p><p>You have an error in your SQL syntax; check the manual that corresponds to your MariaDB server version for the right syntax to use near '' at line 1</p>
SQLException: 20/04/2024 13:46:03 - <p>ERROR EN LA CONSULTA:</p><p><b>SELECT * FROM users WHERE id = </b></p><p>You have an error in your SQL syntax; check the manual that corresponds to your MariaDB server version for the right syntax to use near '' at line 1</p>
SQLException: 20/04/2024 13:48:29 - <p>ERROR EN LA CONSULTA:</p><p><b>SELECT * FROM users WHERE id = </b></p><p>You have an error in your SQL syntax; check the manual that corresponds to your MariaDB server version for the right syntax to use near '' at line 1</p>
SQLException: 20/04/2024 13:48:31 - <p>ERROR EN LA CONSULTA:</p><p><b>SELECT * FROM users WHERE id = </b></p><p>You have an error in your SQL syntax; check the manual that corresponds to your MariaDB server version for the right syntax to use near '' at line 1</p>
SQLException: 20/04/2024 13:48:34 - <p>ERROR EN LA CONSULTA:</p><p><b>SELECT * FROM users WHERE id = </b></p><p>You have an error in your SQL syntax; check the manual that corresponds to your MariaDB server version for the right syntax to use near '' at line 1</p>
SQLException: 20/04/2024 13:48:57 - <p>ERROR EN LA CONSULTA:</p><p><b>SELECT * FROM users WHERE id = </b></p><p>You have an error in your SQL syntax; check the manual that corresponds to your MariaDB server version for the right syntax to use near '' at line 1</p>
SQLException: 20/04/2024 13:50:05 - <p>ERROR EN LA CONSULTA:</p><p><b>SELECT * FROM users WHERE id = </b></p><p>You have an error in your SQL syntax; check the manual that corresponds to your MariaDB server version for the right syntax to use near '' at line 1</p>
SQLException: 20/04/2024 13:52:39 - <p>ERROR EN LA CONSULTA:</p><p><b>SELECT * FROM users WHERE id = </b></p><p>You have an error in your SQL syntax; check the manual that corresponds to your MariaDB server version for the right syntax to use near '' at line 1</p>
ViewException: 20/04/2024 13:56:54 - <p>ERROR en la vista <b>../mvc/views/place/show.php</b>.</p>
         <p>INFORMACIÓN ADICIONAL: Unclosed '{' on line 57</p>
ViewException: 20/04/2024 13:57:19 - <p>ERROR en la vista <b>../mvc/views/place/show.php</b>.</p>
         <p>INFORMACIÓN ADICIONAL: Undefined constant Login::guest</p>
ArgumentCountError: 20/04/2024 14:30:55 - Too few arguments to function PhotoController::create(), 0 passed in C:\xampp\htdocs\beautifulplaces\app\core\App.php on line 67 and exactly 1 expected
Exception: 20/04/2024 14:35:50 - <p>ERROR EN LA CONSULTA:</p><p><b>INSERT INTO photos (name, description, date, time, iduser, idplace) VALUES ('White sand', 'Lore ipsum', '2024-04-01', '18:35', '1', NULL)</b></p><p>Column 'idplace' cannot be null</p>
ParseError: 20/04/2024 14:59:22 - syntax error, unexpected token "=>", expecting ")"
ViewException: 20/04/2024 15:39:56 - <p>ERROR en la vista <b>../mvc/views/place/show.php</b>.</p>
         <p>INFORMACIÓN ADICIONAL: Call to undefined function vardump()</p>
ParseError: 20/04/2024 15:50:59 - syntax error, unexpected token "=", expecting "]"
Error: 20/04/2024 16:10:34 - Undefined constant "photo"
Error: 20/04/2024 16:12:35 - Undefined constant "photo"
Error: 20/04/2024 16:14:55 - Undefined constant "photo"
SQLException: 20/04/2024 16:32:18 - <p>ERROR EN LA CONSULTA:</p><p><b>SELECT * FROM users WHERE id = </b></p><p>You have an error in your SQL syntax; check the manual that corresponds to your MariaDB server version for the right syntax to use near '' at line 1</p>
SQLException: 20/04/2024 16:36:36 - <p>ERROR EN LA CONSULTA:</p><p><b>SELECT * FROM users WHERE id = </b></p><p>You have an error in your SQL syntax; check the manual that corresponds to your MariaDB server version for the right syntax to use near '' at line 1</p>
Exception: 22/04/2024 09:04:33 - El fichero no es de tipo image/*
NotFoundException: 22/04/2024 10:06:04 - Place not found
SQLException: 22/04/2024 12:34:01 - <p>ERROR EN LA CONSULTA:</p><p><b>SELECT * FROM comments WHERE idcomment = 1</b></p><p>Unknown column 'idcomment' in 'where clause'</p>
SQLException: 22/04/2024 12:35:10 - <p>ERROR EN LA CONSULTA:</p><p><b>SELECT * FROM comments WHERE idcomment = 1</b></p><p>Unknown column 'idcomment' in 'where clause'</p>
NotFoundException: 22/04/2024 12:39:26 - No se encontró la entidad buscada.
NotFoundException: 22/04/2024 13:39:41 - La URL indicada no existe.
NotFoundException: 22/04/2024 13:40:27 - La URL indicada no existe.
NotFoundException: 22/04/2024 13:41:29 - La URL indicada no existe.
NotFoundException: 22/04/2024 13:57:51 - La URL indicada no existe.
NotFoundException: 22/04/2024 13:57:53 - La URL indicada no existe.
NotFoundException: 22/04/2024 13:57:56 - La URL indicada no existe.
NotFoundException: 22/04/2024 14:00:27 - La URL indicada no existe.
NotFoundException: 22/04/2024 14:00:28 - La URL indicada no existe.
NotFoundException: 22/04/2024 14:00:40 - La URL indicada no existe.
NotFoundException: 22/04/2024 14:01:13 - La URL indicada no existe.
NotFoundException: 22/04/2024 14:01:35 - La URL indicada no existe.
NothingToFindException: 22/04/2024 15:11:56 - No se recibió el identificador.
NothingToFindException: 22/04/2024 15:13:04 - No se recibió el identificador.
NotFoundException: 22/04/2024 15:29:52 - No se encontró la entidad buscada.
Error: 22/04/2024 15:29:56 - Call to a member function belongsTo() on null
NotFoundException: 22/04/2024 15:56:39 - Place not found
NotFoundException: 22/04/2024 16:00:43 - No se encontró la entidad buscada.
NotFoundException: 22/04/2024 16:02:38 - No se encontró la entidad buscada.
NotFoundException: 22/04/2024 16:03:34 - No se encontró la entidad buscada.
Exception: 22/04/2024 16:04:04 - No place id received
Exception: 22/04/2024 16:12:43 - No place id received
TypeError: 22/04/2024 19:16:41 - PlaceController::show(): Argument #1 ($id) must be of type int, string given, called in C:\xampp\htdocs\beautifulplaces\app\core\App.php on line 70
TypeError: 22/04/2024 19:25:35 - PlaceController::show(): Argument #1 ($id) must be of type int, string given, called in C:\xampp\htdocs\beautifulplaces\app\core\App.php on line 70
TypeError: 22/04/2024 19:28:28 - PlaceController::show(): Argument #1 ($id) must be of type int, string given, called in C:\xampp\htdocs\beautifulplaces\app\core\App.php on line 70
TypeError: 22/04/2024 19:29:52 - PlaceController::show(): Argument #1 ($id) must be of type int, string given, called in C:\xampp\htdocs\beautifulplaces\app\core\App.php on line 70
TypeError: 22/04/2024 19:30:48 - PlaceController::show(): Argument #1 ($id) must be of type int, string given, called in C:\xampp\htdocs\beautifulplaces\app\core\App.php on line 70
TypeError: 22/04/2024 19:33:04 - PlaceController::show(): Argument #1 ($id) must be of type int, string given, called in C:\xampp\htdocs\beautifulplaces\app\core\App.php on line 70
TypeError: 22/04/2024 19:33:54 - PlaceController::show(): Argument #1 ($id) must be of type int, string given, called in C:\xampp\htdocs\beautifulplaces\app\core\App.php on line 70
ViewException: 22/04/2024 19:39:54 - <p>ERROR en la vista <b>../mvc/views//place/list.php</b>.</p>
         <p>INFORMACIÓN ADICIONAL: <p>ERROR EN LA CONSULTA:</p><p><b>SELECT * FROM users WHERE id = </b></p><p>You have an error in your SQL syntax; check the manual that corresponds to your MariaDB server version for the right syntax to use near '' at line 1</p></p>
ViewException: 22/04/2024 19:40:27 - <p>ERROR en la vista <b>../mvc/views//place/list.php</b>.</p>
         <p>INFORMACIÓN ADICIONAL: <p>ERROR EN LA CONSULTA:</p><p><b>SELECT * FROM users WHERE id = </b></p><p>You have an error in your SQL syntax; check the manual that corresponds to your MariaDB server version for the right syntax to use near '' at line 1</p></p>
ViewException: 22/04/2024 19:40:46 - <p>ERROR en la vista <b>../mvc/views//place/list.php</b>.</p>
         <p>INFORMACIÓN ADICIONAL: <p>ERROR EN LA CONSULTA:</p><p><b>SELECT * FROM users WHERE id = </b></p><p>You have an error in your SQL syntax; check the manual that corresponds to your MariaDB server version for the right syntax to use near '' at line 1</p></p>
ViewException: 22/04/2024 19:41:50 - <p>ERROR en la vista <b>../mvc/views//place/list.php</b>.</p>
         <p>INFORMACIÓN ADICIONAL: <p>ERROR EN LA CONSULTA:</p><p><b>SELECT * FROM users WHERE id = </b></p><p>You have an error in your SQL syntax; check the manual that corresponds to your MariaDB server version for the right syntax to use near '' at line 1</p></p>
ViewException: 22/04/2024 20:07:41 - <p>ERROR en la vista <b>../mvc/views/place/show.php</b>.</p>
         <p>INFORMACIÓN ADICIONAL: Unclosed '{' on line 96</p>
SQLException: 22/04/2024 20:15:27 - <p>ERROR EN LA CONSULTA:</p><p><b>SELECT COUNT(*) AS total
                     FROM users 
                     WHERE idplace = 4</b></p><p>Unknown column 'idplace' in 'where clause'</p>
SQLException: 22/04/2024 20:15:41 - <p>ERROR EN LA CONSULTA:</p><p><b>SELECT COUNT(*) AS total
                     FROM users 
                     WHERE idplace = 3</b></p><p>Unknown column 'idplace' in 'where clause'</p>
SQLException: 22/04/2024 20:17:38 - <p>ERROR EN LA CONSULTA:</p><p><b>SELECT COUNT(*) AS total
                     FROM users 
                     WHERE idplace = 4</b></p><p>Unknown column 'idplace' in 'where clause'</p>
NotFoundException: 22/04/2024 23:17:22 - La URL indicada no existe.
NotFoundException: 22/04/2024 23:17:23 - La URL indicada no existe.
NotFoundException: 22/04/2024 23:17:23 - La URL indicada no existe.
NotFoundException: 22/04/2024 23:17:31 - La URL indicada no existe.
Exception: 23/04/2024 09:50:01 - <p>ERROR EN LA CONSULTA:</p><p><b>INSERT INTO photos (name, description, date, time, iduser, idplace) VALUES (NULL, NULL, NULL, NULL, '3', '1')</b></p><p>Column 'name' cannot be null</p>
NothingToFindException: 23/04/2024 09:53:03 - No se recibió el identificador.
NothingToFindException: 23/04/2024 09:54:37 - No se recibió el identificador.
NothingToFindException: 23/04/2024 09:54:41 - No se recibió el identificador.
NothingToFindException: 23/04/2024 09:55:33 - No se recibió el identificador.
TypeError: 23/04/2024 09:57:18 - PhotoController::create(): Argument #1 ($id) must be of type int, string given, called in C:\xampp\htdocs\cifoplaces\app\core\App.php on line 68
TypeError: 23/04/2024 09:57:42 - PhotoController::create(): Argument #1 ($id) must be of type int, string given, called in C:\xampp\htdocs\cifoplaces\app\core\App.php on line 68
TypeError: 23/04/2024 09:59:04 - PhotoController::create(): Argument #1 ($id) must be of type int, string given, called in C:\xampp\htdocs\cifoplaces\app\core\App.php on line 68
TypeError: 23/04/2024 10:00:34 - PhotoController::create(): Argument #1 ($id) must be of type int, string given, called in C:\xampp\htdocs\cifoplaces\app\core\App.php on line 68
TypeError: 23/04/2024 10:04:17 - PhotoController::create(): Argument #1 ($id) must be of type int, string given, called in C:\xampp\htdocs\cifoplaces\app\core\App.php on line 68
ViewException: 23/04/2024 10:20:32 - Error al cargar la página.
ParseError: 23/04/2024 11:37:33 - syntax error, unexpected token "=>", expecting ")"
TypeError: 23/04/2024 12:11:08 - PhotoController::create(): Argument #1 ($id) must be of type int, string given, called in C:\xampp\htdocs\cifoplaces\app\core\App.php on line 68
TypeError: 23/04/2024 12:14:20 - PhotoController::create(): Argument #1 ($id) must be of type int, string given, called in C:\xampp\htdocs\cifoplaces\app\core\App.php on line 68
TypeError: 23/04/2024 12:15:56 - PhotoController::create(): Argument #1 ($id) must be of type int, string given, called in C:\xampp\htdocs\cifoplaces\app\core\App.php on line 68
TypeError: 23/04/2024 12:16:50 - PhotoController::create(): Argument #1 ($id) must be of type int, string given, called in C:\xampp\htdocs\cifoplaces\app\core\App.php on line 68
ViewException: 23/04/2024 12:23:26 - Error al cargar la página.
ViewException: 23/04/2024 12:24:27 - Error al cargar la página.
ViewException: 23/04/2024 12:25:00 - Error al cargar la página.
ViewException: 23/04/2024 12:25:03 - Error al cargar la página.
SQLException: 23/04/2024 12:36:01 - ERROR al realizar la operación.
SQLException: 23/04/2024 12:38:48 - ERROR al realizar la operación.
ViewException: 23/04/2024 12:46:42 - Error al cargar la página.
ViewException: 23/04/2024 12:47:16 - Error al cargar la página.
ViewException: 23/04/2024 12:48:45 - Error al cargar la página.
ViewException: 23/04/2024 12:51:25 - Error al cargar la página.
ViewException: 23/04/2024 12:52:53 - Error al cargar la página.
ViewException: 23/04/2024 12:54:48 - Error al cargar la página.
ViewException: 23/04/2024 12:54:49 - Error al cargar la página.
NotFoundException: 23/04/2024 13:38:35 - La URL indicada no existe.
NotFoundException: 23/04/2024 13:40:43 - La URL indicada no existe.
ViewException: 23/04/2024 13:40:50 - Error al cargar la página.
ViewException: 23/04/2024 13:40:58 - Error al cargar la página.
ViewException: 23/04/2024 13:41:02 - Error al cargar la página.
ViewException: 23/04/2024 13:41:05 - Error al cargar la página.
ViewException: 23/04/2024 13:41:08 - Error al cargar la página.
ViewException: 23/04/2024 13:41:11 - Error al cargar la página.
ViewException: 23/04/2024 13:41:13 - Error al cargar la página.
ViewException: 23/04/2024 13:41:48 - Error al cargar la página.
ViewException: 23/04/2024 13:43:11 - Error al cargar la página.
ViewException: 23/04/2024 13:44:18 - Error al cargar la página.
ViewException: 23/04/2024 13:44:22 - Error al cargar la página.
SQLException: 23/04/2024 13:46:35 - ERROR al realizar la operación.
Error: 23/04/2024 13:52:07 - Call to a member function belongsTo() on null
Error: 23/04/2024 13:52:27 - Call to a member function belongsTo() on null
Error: 23/04/2024 13:52:34 - Call to a member function belongsTo() on null
Error: 23/04/2024 13:54:47 - Call to a member function belongsTo() on null
SQLException: 23/04/2024 13:55:28 - <p>ERROR EN LA CONSULTA:</p><p><b>SELECT * FROM users WHERE id = </b></p><p>You have an error in your SQL syntax; check the manual that corresponds to your MariaDB server version for the right syntax to use near '' at line 1</p>
SQLException: 23/04/2024 13:56:18 - <p>ERROR EN LA CONSULTA:</p><p><b>SELECT * FROM users WHERE id = </b></p><p>You have an error in your SQL syntax; check the manual that corresponds to your MariaDB server version for the right syntax to use near '' at line 1</p>
ViewException: 23/04/2024 14:07:37 - <p>ERROR en la vista <b>../mvc/views/place/show.php</b>.</p>
         <p>INFORMACIÓN ADICIONAL: Model::findOrFail(): Argument #1 ($id) must be of type int, null given, called in C:\xampp\htdocs\projectes\beautifulplaces\mvc\views\place\show.php on line 104</p>
ViewException: 23/04/2024 14:15:44 - <p>ERROR en la vista <b>../mvc/views//place/list.php</b>.</p>
         <p>INFORMACIÓN ADICIONAL: <p>ERROR EN LA CONSULTA:</p><p><b>SELECT * FROM users WHERE id = </b></p><p>You have an error in your SQL syntax; check the manual that corresponds to your MariaDB server version for the right syntax to use near '' at line 1</p></p>
ViewException: 23/04/2024 14:18:05 - <p>ERROR en la vista <b>../mvc/views/place/show.php</b>.</p>
         <p>INFORMACIÓN ADICIONAL: Model::findOrFail(): Argument #1 ($id) must be of type int, null given, called in C:\xampp\htdocs\projectes\beautifulplaces\mvc\views\place\show.php on line 104</p>
ViewException: 23/04/2024 14:19:01 - <p>ERROR en la vista <b>../mvc/views/place/show.php</b>.</p>
         <p>INFORMACIÓN ADICIONAL: Model::findOrFail(): Argument #1 ($id) must be of type int, null given, called in C:\xampp\htdocs\projectes\beautifulplaces\mvc\views\place\show.php on line 104</p>
ViewException: 23/04/2024 14:19:47 - <p>ERROR en la vista <b>../mvc/views/place/show.php</b>.</p>
         <p>INFORMACIÓN ADICIONAL: Model::findOrFail(): Argument #1 ($id) must be of type int, null given, called in C:\xampp\htdocs\projectes\beautifulplaces\mvc\views\place\show.php on line 104</p>
ViewException: 23/04/2024 14:21:04 - <p>ERROR en la vista <b>../mvc/views/place/show.php</b>.</p>
         <p>INFORMACIÓN ADICIONAL: Model::findOrFail(): Argument #1 ($id) must be of type int, null given, called in C:\xampp\htdocs\projectes\beautifulplaces\mvc\views\place\show.php on line 104</p>
ViewException: 23/04/2024 14:22:07 - <p>ERROR en la vista <b>../mvc/views/place/show.php</b>.</p>
         <p>INFORMACIÓN ADICIONAL: Model::findOrFail(): Argument #1 ($id) must be of type int, null given, called in C:\xampp\htdocs\projectes\beautifulplaces\mvc\views\place\show.php on line 104</p>
ViewException: 23/04/2024 14:22:22 - <p>ERROR en la vista <b>../mvc/views/place/show.php</b>.</p>
         <p>INFORMACIÓN ADICIONAL: Model::findOrFail(): Argument #1 ($id) must be of type int, null given, called in C:\xampp\htdocs\projectes\beautifulplaces\mvc\views\place\show.php on line 104</p>
ViewException: 23/04/2024 14:22:24 - <p>ERROR en la vista <b>../mvc/views/place/show.php</b>.</p>
         <p>INFORMACIÓN ADICIONAL: Model::findOrFail(): Argument #1 ($id) must be of type int, null given, called in C:\xampp\htdocs\projectes\beautifulplaces\mvc\views\place\show.php on line 104</p>
ViewException: 23/04/2024 14:25:21 - <p>ERROR en la vista <b>../mvc/views/place/show.php</b>.</p>
         <p>INFORMACIÓN ADICIONAL: Model::findOrFail(): Argument #1 ($id) must be of type int, null given, called in C:\xampp\htdocs\projectes\beautifulplaces\mvc\views\place\show.php on line 104</p>
ViewException: 23/04/2024 14:26:50 - <p>ERROR en la vista <b>../mvc/views/place/show.php</b>.</p>
         <p>INFORMACIÓN ADICIONAL: Model::findOrFail(): Argument #1 ($id) must be of type int, null given, called in C:\xampp\htdocs\projectes\beautifulplaces\mvc\views\place\show.php on line 104</p>
NotFoundException: 23/04/2024 14:28:14 - No se encontró la entidad buscada.
NotFoundException: 23/04/2024 14:29:09 - No se encontró la entidad buscada.
NotFoundException: 23/04/2024 14:29:28 - No se encontró la entidad buscada.
NotFoundException: 23/04/2024 14:29:47 - No se encontró la entidad buscada.
NotFoundException: 23/04/2024 14:30:25 - No se encontró la entidad buscada.
NotFoundException: 23/04/2024 14:30:51 - No se encontró la entidad buscada.
NotFoundException: 23/04/2024 14:32:06 - No se encontró la entidad buscada.
NotFoundException: 23/04/2024 14:32:14 - No se encontró la entidad buscada.
NotFoundException: 23/04/2024 14:33:12 - No se encontró la entidad buscada.
NotFoundException: 23/04/2024 14:33:53 - No se encontró la entidad buscada.
SQLException: 23/04/2024 14:40:28 - <p>ERROR EN LA CONSULTA:</p><p><b>SELECT * FROM users WHERE id = </b></p><p>You have an error in your SQL syntax; check the manual that corresponds to your MariaDB server version for the right syntax to use near '' at line 1</p>
SQLException: 23/04/2024 14:40:40 - <p>ERROR EN LA CONSULTA:</p><p><b>SELECT * FROM users WHERE id = </b></p><p>You have an error in your SQL syntax; check the manual that corresponds to your MariaDB server version for the right syntax to use near '' at line 1</p>
SQLException: 23/04/2024 14:40:43 - <p>ERROR EN LA CONSULTA:</p><p><b>SELECT * FROM users WHERE id = </b></p><p>You have an error in your SQL syntax; check the manual that corresponds to your MariaDB server version for the right syntax to use near '' at line 1</p>
Error: 23/04/2024 14:41:15 - Call to undefined function is_empty()
ViewException: 23/04/2024 14:43:48 - <p>ERROR en la vista <b>../mvc/views/place/show.php</b>.</p>
         <p>INFORMACIÓN ADICIONAL: Model::findOrFail(): Argument #1 ($id) must be of type int, null given, called in C:\xampp\htdocs\projectes\beautifulplaces\mvc\views\place\show.php on line 104</p>
NotFoundException: 23/04/2024 14:45:07 - No se encontró la entidad buscada.
NotFoundException: 23/04/2024 14:48:25 - No se encontró la entidad buscada.
NotFoundException: 23/04/2024 14:49:05 - No se encontró la entidad buscada.
NotFoundException: 23/04/2024 14:50:02 - No se encontró la entidad buscada.
ViewException: 23/04/2024 14:53:11 - <p>ERROR en la vista <b>../mvc/views/place/show.php</b>.</p>
         <p>INFORMACIÓN ADICIONAL: Model::findOrFail(): Argument #1 ($id) must be of type int, null given, called in C:\xampp\htdocs\projectes\beautifulplaces\mvc\views\place\show.php on line 104</p>
ViewException: 23/04/2024 14:58:54 - <p>ERROR en la vista <b>../mvc/views/place/show.php</b>.</p>
         <p>INFORMACIÓN ADICIONAL: Model::findOrFail(): Argument #1 ($id) must be of type int, null given, called in C:\xampp\htdocs\projectes\beautifulplaces\mvc\views\place\show.php on line 104</p>
NotFoundException: 23/04/2024 14:59:44 - No se encontró la entidad buscada.
NotFoundException: 23/04/2024 14:59:47 - No se encontró la entidad buscada.
NotFoundException: 23/04/2024 15:00:08 - No se encontró la entidad buscada.
NotFoundException: 23/04/2024 15:00:31 - No se encontró la entidad buscada.
Error: 23/04/2024 15:03:39 - Call to a member function belongsTo() on null
SQLException: 23/04/2024 15:11:08 - <p>ERROR EN LA CONSULTA:</p><p><b>SELECT COUNT(*) AS total
                       FROM users 
                       WHERE id = </b></p><p>You have an error in your SQL syntax; check the manual that corresponds to your MariaDB server version for the right syntax to use near '' at line 3</p>
SQLException: 23/04/2024 15:12:37 - <p>ERROR EN LA CONSULTA:</p><p><b>SELECT COUNT(*) AS total
                     FROM users 
                     WHERE idcomment = 5</b></p><p>Unknown column 'idcomment' in 'where clause'</p>
SQLException: 23/04/2024 15:14:33 - <p>ERROR EN LA CONSULTA:</p><p><b>SELECT COUNT(*) AS total
                     FROM users 
                     WHERE idcomment = 5</b></p><p>Unknown column 'idcomment' in 'where clause'</p>
SQLException: 23/04/2024 15:14:40 - <p>ERROR EN LA CONSULTA:</p><p><b>SELECT COUNT(*) AS total
                     FROM users 
                     WHERE idcomment = 5</b></p><p>Unknown column 'idcomment' in 'where clause'</p>
ParseError: 23/04/2024 15:15:47 - syntax error, unexpected end of file
ViewException: 23/04/2024 15:21:30 - <p>ERROR en la vista <b>../mvc/views/place/show.php</b>.</p>
         <p>INFORMACIÓN ADICIONAL: <p>ERROR EN LA CONSULTA:</p><p><b>SELECT * FROM users WHERE id = </b></p><p>You have an error in your SQL syntax; check the manual that corresponds to your MariaDB server version for the right syntax to use near '' at line 1</p></p>
ViewException: 23/04/2024 15:22:13 - <p>ERROR en la vista <b>../mvc/views/place/show.php</b>.</p>
         <p>INFORMACIÓN ADICIONAL: Call to a member function belongsTo() on null</p>
NotFoundException: 23/04/2024 15:25:10 - La URL indicada no existe.
NotFoundException: 23/04/2024 15:27:08 - La URL indicada no existe.
NotFoundException: 23/04/2024 15:27:24 - La URL indicada no existe.
NotFoundException: 24/04/2024 08:21:01 - No se encontró la entidad buscada.
ViewException: 24/04/2024 08:30:45 - <p>ERROR en la vista <b>../mvc/views/place/show.php</b>.</p>
         <p>INFORMACIÓN ADICIONAL: Call to a member function belongsTo() on string</p>
ViewException: 24/04/2024 08:35:02 - <p>ERROR en la vista <b>../mvc/views/place/show.php</b>.</p>
         <p>INFORMACIÓN ADICIONAL: Call to a member function belongsTo() on string</p>
ViewException: 24/04/2024 08:35:49 - <p>ERROR en la vista <b>../mvc/views/photo/show.php</b>.</p>
         <p>INFORMACIÓN ADICIONAL: Call to a member function belongsTo() on string</p>
ViewException: 24/04/2024 08:36:04 - <p>ERROR en la vista <b>../mvc/views/photo/show.php</b>.</p>
         <p>INFORMACIÓN ADICIONAL: Call to a member function belongsTo() on string</p>
SQLException: 24/04/2024 11:42:59 - ERROR al realizar la operación.
SQLException: 24/04/2024 11:43:24 - ERROR al realizar la operación.
Error: 24/04/2024 12:05:29 - Call to a member function oneRole() on null
TypeError: 24/04/2024 12:06:58 - PhotoController::show(): Argument #1 ($id) must be of type int, string given, called in C:\xampp\htdocs\cifoplaces\app\core\App.php on line 68
TypeError: 24/04/2024 12:07:12 - PhotoController::show(): Argument #1 ($id) must be of type int, string given, called in C:\xampp\htdocs\cifoplaces\app\core\App.php on line 68
Error: 24/04/2024 12:11:06 - Call to a member function oneRole() on null
Error: 24/04/2024 12:12:44 - Call to a member function hasRole() on null
Error: 24/04/2024 12:17:12 - Call to a member function hasRole() on null
Error: 24/04/2024 12:20:35 - Undefined constant "id"
